Arguments: 
  /usr/local/bin/node /Users/trudymacnabb/.yarn/bin/yarn.js add react-scroll-parallax

PATH: 
  /Users/trudymacnabb/.yarn/bin:/Users/trudymacnabb/.rvm/gems/ruby-2.2.4/bin:/Users/trudymacnabb/.rvm/gems/ruby-2.2.4@global/bin:/Users/trudymacnabb/.rvm/rubies/ruby-2.2.4/bin:/bin:/sbin:/usr/bin:/usr/local/sbin:/usr/local/bin:/usr/local/bin:/usr/bin:/bin:/usr/sbin:/sbin:/Users/trudymacnabb/.rvm/bin:/Users/trudymacnabb/.rvm/bin:/Users/trudymacnabb/.rvm/bin

Yarn version: 
  1.3.2

Node version: 
  9.4.0

Platform: 
  darwin x64

npm manifest: 
  {
    "name": "gatsby-starter-blog-no-styles",
    "description": "Starter Gatsby Blog No Styles",
    "version": "1.0.0",
    "author": "Noah Glusenkamp <noah.glusenkamp@gmail.com>",
    "bugs": {
      "url": "https://github.com/gatsbyjs/gatsby-starter-blog/issues"
    },
    "dependencies": {
      "gatsby": "^1.8.12",
      "gatsby-link": "^1.6.8",
      "gatsby-plugin-google-analytics": "^1.0.4",
      "gatsby-plugin-manifest": "^1.0.4",
      "gatsby-plugin-offline": "^1.0.4",
      "gatsby-plugin-preact": "^1.0.3",
      "gatsby-plugin-react-helmet": "^1.0.3",
      "gatsby-plugin-sharp": "^1.6.2",
      "gatsby-remark-copy-linked-files": "^1.5.2",
      "gatsby-remark-images": "^1.5.4",
      "gatsby-remark-prismjs": "^1.2.1",
      "gatsby-remark-responsive-iframe": "^1.4.3",
      "gatsby-remark-smartypants": "^1.4.3",
      "gatsby-source-filesystem": "^1.4.3",
      "gatsby-transformer-remark": "^1.7.1",
      "gatsby-transformer-sharp": "^1.6.1",
      "lodash": "^4.15.0",
      "react-fontawesome": "^1.6.1"
    },
    "devDependencies": {
      "gh-pages": "^0.12.0",
      "prettier": "^1.6.1"
    },
    "homepage": "https://github.com/noahg/gatsby-starter-blog-no-styles#readme",
    "keywords": [
      "gatsby"
    ],
    "license": "MIT",
    "main": "n/a",
    "repository": {
      "type": "git",
      "url": "git+https://github.com/noahg/gatsby-starter-blog-no-styles.git"
    },
    "scripts": {
      "dev": "gatsby develop",
      "lint": "./node_modules/.bin/eslint --ext .js,.jsx --ignore-pattern public .",
      "test": "echo \"Error: no test specified\" && exit 1",
      "format": "prettier --trailing-comma es5 --no-semi --single-quote --write 'src/**/*.js'",
      "develop": "gatsby develop",
      "build": "gatsby build",
      "deploy": "gatsby build --prefix-paths && gh-pages -d public",
      "fix-semi": "eslint --quiet --ignore-pattern node_modules --ignore-pattern public --parser babel-eslint --no-eslintrc --rule '{\"semi\": [2, \"never\"], \"no-extra-semi\": [2]}' --fix gatsby-node.js"
    }
  }

yarn manifest: 
  No manifest

Lockfile: 
  No lockfile

Trace: 
  Error: https://registry.yarnpkg.com/gatsby: ETIMEDOUT
      at Timeout._onTimeout (/Users/trudymacnabb/.yarn/lib/cli.js:123749:19)
      at ontimeout (timers.js:458:11)
      at tryOnTimeout (timers.js:296:5)
      at Timer.listOnTimeout (timers.js:259:5)
